2025-04-04 10:37:09.305832 - Received SBGOLOB.CBT509.FILE492 from FILE492.XMI 
2025-04-04 10:37:09.308401 - Found $$$#DATE.txt (text/plain) in SBGOLOB.CBT509.FILE492, moved to PDS/$$$#DATE
2025-04-04 10:37:09.308709 - Found $$INDEX.txt (text/plain) in SBGOLOB.CBT509.FILE492, moved to PDS/$$INDEX
2025-04-04 10:37:09.308854 - Found $$KNBUGS.txt (text/plain) in SBGOLOB.CBT509.FILE492, moved to PDS/$$KNBUGS
2025-04-04 10:37:09.308983 - Found $$NOTE.txt (text/plain) in SBGOLOB.CBT509.FILE492, moved to PDS/$$NOTE
2025-04-04 10:37:09.309103 - Found $$NOTE00.txt (text/plain) in SBGOLOB.CBT509.FILE492, moved to PDS/$$NOTE00
2025-04-04 10:37:09.309226 - Found $$NOTE01.txt (text/plain) in SBGOLOB.CBT509.FILE492, moved to PDS/$$NOTE01
2025-04-04 10:37:09.309361 - Found $$NOTE02.eml (message/rfc822) in SBGOLOB.CBT509.FILE492, moved to PDS/$$NOTE02
2025-04-04 10:37:09.309508 - Found $$NOTE03.txt (text/plain) in SBGOLOB.CBT509.FILE492, moved to PDS/$$NOTE03
2025-04-04 10:37:09.309634 - Found $$NOTE04.eml (message/rfc822) in SBGOLOB.CBT509.FILE492, moved to PDS/$$NOTE04
2025-04-04 10:37:09.309781 - Found $$NOTE05.eml (message/rfc822) in SBGOLOB.CBT509.FILE492, moved to PDS/$$NOTE05
2025-04-04 10:37:09.309902 - Found $$NOTE06.txt (text/plain) in SBGOLOB.CBT509.FILE492, moved to PDS/$$NOTE06
2025-04-04 10:37:09.310019 - Found $$NOTE07.txt (text/plain) in SBGOLOB.CBT509.FILE492, moved to PDS/$$NOTE07
2025-04-04 10:37:09.310137 - Found $$NOTE08.txt (text/plain) in SBGOLOB.CBT509.FILE492, moved to PDS/$$NOTE08
2025-04-04 10:37:09.310269 - Found $$NOTE09.txt (text/plain) in SBGOLOB.CBT509.FILE492, moved to PDS/$$NOTE09
2025-04-04 10:37:09.310395 - Found $$NOTE10.txt (text/plain) in SBGOLOB.CBT509.FILE492, moved to PDS/$$NOTE10
2025-04-04 10:37:09.310546 - Found $$SELECT.txt (text/plain) in SBGOLOB.CBT509.FILE492, moved to PDS/$$SELECT
2025-04-04 10:37:09.310700 - Found $$SHOWZ.txt (text/plain) in SBGOLOB.CBT509.FILE492, moved to PDS/$$SHOWZ
2025-04-04 10:37:09.310847 - Found $OA01618.txt (text/plain) in SBGOLOB.CBT509.FILE492, moved to PDS/$OA01618
2025-04-04 10:37:09.311024 - Found @FILE492.txt (text/plain) in SBGOLOB.CBT509.FILE492, moved to PDS/@FILE492
2025-04-04 10:37:09.311317 - Found ATRQUERY.txt (text/plain) in SBGOLOB.CBT509.FILE492, moved to PDS/ATRQUERY
2025-04-04 10:37:09.311474 - Found IFAQUAA.txt (text/plain) in SBGOLOB.CBT509.FILE492, moved to PDS/IFAQUAA
2025-04-04 10:37:09.311596 - Found IKJXPRM@.txt (text/plain) in SBGOLOB.CBT509.FILE492, moved to PDS/IKJXPRM@
2025-04-04 10:37:09.311729 - Found SHOWJCL.jcl (text/plain) in SBGOLOB.CBT509.FILE492, moved to PDS/SHOWJCL
2025-04-04 10:37:09.311852 - Found SHOWJCLS.jcl (text/plain) in SBGOLOB.CBT509.FILE492, moved to PDS/SHOWJCLS
2025-04-04 10:37:09.311974 - Found SHOWJCLT.jcl (text/plain) in SBGOLOB.CBT509.FILE492, moved to PDS/SHOWJCLT
2025-04-04 10:37:09.312089 - Found SHOWJCL8.jcl (text/plain) in SBGOLOB.CBT509.FILE492, moved to PDS/SHOWJCL8
2025-04-04 10:37:09.312209 - Found SHOWJCS8.jcl (text/plain) in SBGOLOB.CBT509.FILE492, moved to PDS/SHOWJCS8
2025-04-04 10:37:09.312810 - Found SHOWJH.txt (text/plain) in SBGOLOB.CBT509.FILE492, moved to PDS/SHOWJH
2025-04-04 10:37:09.312944 - Found SHOWJ718.jcl (text/plain) in SBGOLOB.CBT509.FILE492, moved to PDS/SHOWJ718
2025-04-04 10:37:09.313066 - Found SHOWJ719.jcl (text/plain) in SBGOLOB.CBT509.FILE492, moved to PDS/SHOWJ719
2025-04-04 10:37:09.313178 - Found SHOWJ720.jcl (text/plain) in SBGOLOB.CBT509.FILE492, moved to PDS/SHOWJ720
2025-04-04 10:37:09.313293 - Found SHOWJ721.jcl (text/plain) in SBGOLOB.CBT509.FILE492, moved to PDS/SHOWJ721
2025-04-04 10:37:09.313404 - Found SHOWJ722.jcl (text/plain) in SBGOLOB.CBT509.FILE492, moved to PDS/SHOWJ722
2025-04-04 10:37:09.313522 - Found SHOWJ723.jcl (text/plain) in SBGOLOB.CBT509.FILE492, moved to PDS/SHOWJ723
2025-04-04 10:37:09.313635 - Found SHOWJ725.jcl (text/plain) in SBGOLOB.CBT509.FILE492, moved to PDS/SHOWJ725
2025-04-04 10:37:09.313778 - Found SHOWJ801.jcl (text/plain) in SBGOLOB.CBT509.FILE492, moved to PDS/SHOWJ801
2025-04-04 10:37:09.313901 - Found SHOWJ802.jcl (text/plain) in SBGOLOB.CBT509.FILE492, moved to PDS/SHOWJ802
2025-04-04 10:37:09.314100 - Found SHOWMACO.jcl (text/plain) in SBGOLOB.CBT509.FILE492, moved to PDS/SHOWMACO
2025-04-04 10:37:09.314322 - Found SHOWMACS.jcl (text/plain) in SBGOLOB.CBT509.FILE492, moved to PDS/SHOWMACS
2025-04-04 10:37:09.314468 - Found SHOWMENM.rexx (text/plain) in SBGOLOB.CBT509.FILE492, moved to PDS/SHOWMENM
2025-04-04 10:37:09.314611 - Found SHOWMENP.txt (text/plain) in SBGOLOB.CBT509.FILE492, moved to PDS/SHOWMENP
2025-04-04 10:37:09.314762 - Found SHOWMENU.rexx (text/plain) in SBGOLOB.CBT509.FILE492, moved to PDS/SHOWMENU
2025-04-04 10:37:09.315167 - Found SHOWMVS.txt (text/plain) in SBGOLOB.CBT509.FILE492, moved to PDS/SHOWMVS
2025-04-04 10:37:09.315350 - Found SHOWM630.jcl (text/plain) in SBGOLOB.CBT509.FILE492, moved to PDS/SHOWM630
2025-04-04 10:37:09.315523 - Found SHOWM711.jcl (text/plain) in SBGOLOB.CBT509.FILE492, moved to PDS/SHOWM711
2025-04-04 10:37:09.315716 - Found SHOWM718.jcl (text/plain) in SBGOLOB.CBT509.FILE492, moved to PDS/SHOWM718
2025-04-04 10:37:09.315876 - Found SHOWM719.jcl (text/plain) in SBGOLOB.CBT509.FILE492, moved to PDS/SHOWM719
2025-04-04 10:37:09.316032 - Found SHOWM720.jcl (text/plain) in SBGOLOB.CBT509.FILE492, moved to PDS/SHOWM720
2025-04-04 10:37:09.316192 - Found SHOWM721.jcl (text/plain) in SBGOLOB.CBT509.FILE492, moved to PDS/SHOWM721
2025-04-04 10:37:09.316360 - Found SHOWM722.jcl (text/plain) in SBGOLOB.CBT509.FILE492, moved to PDS/SHOWM722
2025-04-04 10:37:09.316530 - Found SHOWM723.jcl (text/plain) in SBGOLOB.CBT509.FILE492, moved to PDS/SHOWM723
2025-04-04 10:37:09.316711 - Found SHOWM801.jcl (text/plain) in SBGOLOB.CBT509.FILE492, moved to PDS/SHOWM801
2025-04-04 10:37:09.316884 - Found SHOWM802.jcl (text/plain) in SBGOLOB.CBT509.FILE492, moved to PDS/SHOWM802
2025-04-04 10:37:09.317001 - Found SHOWRXSV.rexx (text/plain) in SBGOLOB.CBT509.FILE492, moved to PDS/SHOWRXSV
2025-04-04 10:37:09.317121 - Found SHOWSAS.txt (text/plain) in SBGOLOB.CBT509.FILE492, moved to PDS/SHOWSAS
2025-04-04 10:37:09.317239 - Found SHOWTRAP.rexx (text/plain) in SBGOLOB.CBT509.FILE492, moved to PDS/SHOWTRAP
2025-04-04 10:37:09.317352 - Found SHOWZ.rexx (text/plain) in SBGOLOB.CBT509.FILE492, moved to PDS/SHOWZ
2025-04-04 10:37:09.319405 - Found SHOWZOS.txt (text/plain) in SBGOLOB.CBT509.FILE492, moved to PDS/SHOWZOS
2025-04-04 10:37:09.319899 - Found SHOWZ718.txt (text/plain) in SBGOLOB.CBT509.FILE492, moved to PDS/SHOWZ718
2025-04-04 10:37:09.320429 - Found SHOWZ719.txt (text/plain) in SBGOLOB.CBT509.FILE492, moved to PDS/SHOWZ719
2025-04-04 10:37:09.320934 - Found SHOWZ720.txt (text/plain) in SBGOLOB.CBT509.FILE492, moved to PDS/SHOWZ720
2025-04-04 10:37:09.322659 - Found SHOWZ721.txt (text/plain) in SBGOLOB.CBT509.FILE492, moved to PDS/SHOWZ721
2025-04-04 10:37:09.323180 - Found SHOWZ722.txt (text/plain) in SBGOLOB.CBT509.FILE492, moved to PDS/SHOWZ722
2025-04-04 10:37:09.323732 - Found SHOWZ723.txt (text/plain) in SBGOLOB.CBT509.FILE492, moved to PDS/SHOWZ723
2025-04-04 10:37:09.324296 - Found SHOWZ725.txt (text/plain) in SBGOLOB.CBT509.FILE492, moved to PDS/SHOWZ725
2025-04-04 10:37:09.325841 - Found SHOWZ801.txt (text/plain) in SBGOLOB.CBT509.FILE492, moved to PDS/SHOWZ801
2025-04-04 10:37:09.326401 - Found SHOWZ802.txt (text/plain) in SBGOLOB.CBT509.FILE492, moved to PDS/SHOWZ802
2025-04-04 10:37:09.326994 - Found SHOW0C4.txt (text/plain) in SBGOLOB.CBT509.FILE492, moved to PDS/SHOW0C4
2025-04-04 10:37:09.327397 - Found SHOW630.txt (text/plain) in SBGOLOB.CBT509.FILE492, moved to PDS/SHOW630
2025-04-04 10:37:09.328134 - Found STRING.txt (text/plain) in SBGOLOB.CBT509.FILE492, moved to PDS/STRING
2025-04-04 10:37:09.328266 - Found STRING6$.txt (text/plain) in SBGOLOB.CBT509.FILE492, moved to PDS/STRING6$
2025-04-04 10:37:09.328408 - Found STRING64.txt (text/plain) in SBGOLOB.CBT509.FILE492, moved to PDS/STRING64
2025-04-04 10:37:09.328541 - Found STRINO64.txt (text/plain) in SBGOLOB.CBT509.FILE492, moved to PDS/STRINO64
2025-04-04 10:37:09.328677 - Found STRINP64.txt (text/plain) in SBGOLOB.CBT509.FILE492, moved to PDS/STRINP64
2025-04-04 10:37:09.328798 - Found X2PJCL.jcl (text/plain) in SBGOLOB.CBT509.FILE492, moved to PDS/X2PJCL
2025-04-04 10:37:09.328944 - Found X2PXMIT.xmi (application/xmit) in SBGOLOB.CBT509.FILE492, moved to PDS/X2PXMIT.xmi
2025-04-04 10:37:09.348239 - Received USER.X2P.INSTALL from X2PXMIT.xmi 
2025-04-04 10:37:09.348714 - Found HOCHZWEI.bin (application/octet-stream) in USER.X2P.INSTALL, moved to X2PXMIT/HOCHZWEI
2025-04-04 10:37:09.348856 - Found LNDSCPE.bin (application/octet-stream) in USER.X2P.INSTALL, moved to X2PXMIT/LNDSCPE
2025-04-04 10:37:09.348988 - Found SHOWBKM.bin (application/octet-stream) in USER.X2P.INSTALL, moved to X2PXMIT/SHOWBKM
2025-04-04 10:37:09.349118 - Found SHOWFRM.bin (application/octet-stream) in USER.X2P.INSTALL, moved to X2PXMIT/SHOWFRM
2025-04-04 10:37:09.349237 - Found STANDARD.bin (application/octet-stream) in USER.X2P.INSTALL, moved to X2PXMIT/STANDARD
2025-04-04 10:37:09.349358 - Found X2PECPS.bin (application/octet-stream) in USER.X2P.INSTALL, moved to X2PXMIT/X2PECPS
2025-04-04 10:37:09.349479 - Found X2PMP.bin (application/octet-stream) in USER.X2P.INSTALL, moved to X2PXMIT/X2PMP
2025-04-04 10:37:09.349594 - Found X2PMPC.bin (application/octet-stream) in USER.X2P.INSTALL, moved to X2PXMIT/X2PMPC
